2025-04-17 12:10:23.684: [INFO] VisibilityChanged: 0
2025-04-17 12:10:23.721: [INFO] RecordSyncInitDuration has_sync_been_enabled: 0 state: 0
2025-04-17 12:10:23.721: [INFO] RecordSyncInitDuration has_sync_been_enabled: 0 state: 0
2025-04-17 12:10:23.721: [INFO] RecordSyncInitDuration has_sync_been_enabled: 0 state: 0
2025-04-17 12:10:23.721: [INFO] RecordSyncInitDuration has_sync_been_enabled: 0 state: 0
2025-04-17 12:10:23.722: [INFO] RecordSyncInitDuration has_sync_been_enabled: 0 state: 0
2025-04-17 12:10:23.722: [INFO] RecordSyncInitDuration has_sync_been_enabled: 0 state: 0
2025-04-17 12:10:23.722: [INFO] RecordSyncInitDuration has_sync_been_enabled: 0 state: 0
2025-04-17 12:10:23.722: [INFO] RecordSyncInitDuration has_sync_been_enabled: 0 state: 0
2025-04-17 12:10:23.722: [INFO] RecordSyncInitDuration has_sync_been_enabled: 0 state: 0
2025-04-17 12:10:23.722: [INFO] RecordSyncInitDuration has_sync_been_enabled: 0 state: 0
2025-04-17 12:10:23.723: [INFO] RecordSyncInitDuration has_sync_been_enabled: 0 state: 0
2025-04-17 12:10:23.730: [INFO] BookmarkModelLoaded, ids_reassigned: 0
2025-04-17 12:10:23.730: [INFO] OnDoneLoading sync enabled: 0
2025-04-17 12:10:23.732: [INFO] RecordSyncInitDuration has_sync_been_enabled: 0 state: 0
2025-04-17 12:10:25.019: [INFO] RecordSyncInitDuration has_sync_been_enabled: 0 state: 3
2025-04-17 12:10:25.051: [INFO] Primary account changed.
2025-04-17 12:10:25.051: [INFO] OnPrimaryAccountChanged PrimaryAccountChangeEvent::Type::kSet
2025-04-17 12:10:25.052: [INFO] RecordSyncInitDuration has_sync_been_enabled: 0 state: 3
2025-04-17 12:10:27.723: [INFO] Sync initialization duration: 2555ms
