{"logTime": "0417/121026", "correlationVector":"ght8PMTgI0Ip+X3eD3AOjg.1","action":"SyncServerConnectionManagerRequest", "result":"SYNC_SERVER_OK", "context":{"environment":"Prod_francecentral_prod-s01-062-eur-francecentral", "migrationStage":"NotStarted", "server":"akswtt00600006g"}}
{"logTime": "0417/121027", "correlationVector":"ght8PMTgI0Ip+X3eD3AOjg.2","action":"AAD.Mip.Unpack", "result":"Success", "context":MIP_CLOUD_COMMERCIAL:Success}
{"logTime": "0417/121027", "correlationVector":"ght8PMTgI0Ip+X3eD3AOjg.3","action":"EncryptionKeysManager::SetEncryptionKeys:", "result":"Success", "context":Key names[4]:[eBXpMhtK1a6WjUlMurLxo86OFvjgsiHsID1ytla28MN1R5lYkHlEnIVfrbSKENFvuQQiIgj04YLmf8ydX/zjXA==][jvi9GIBr/b9DpFXCRCR+P1cEtJNtDX01TZvf/+0Iw4msNcfJ1pNOKU5Afi1bO8N5sR2OyfPrKnA2LH8POuVlHQ==][J4MQiFRotMGH5Z0eed3ZJgYnuf9hcc11/bjx0u8zi5/jQNlFfN1K9Lg4DgzJMm2Qo6elT41yUNaKgO3rj6CK7Q==][QXCv/7qOM8qzDLY4BaJwQ3Y8dGB9oGJyQu42ude29arJ7vk7j5TnaTdGD400ImFAzc+UtThm7d00MfgYklb3yg==]}
{"logTime": "0417/121027", "correlationVector":"ght8PMTgI0Ip+X3eD3AOjg.4","action":"AAD.GetKeyResponse", "result":"Success", "context":Keys=4.LastKeyStatus=Active. 2024-12-06 07:45:09 +01.State=None. Tags: Current_encryption_keys_tag = fCvvv70P44+Ua++/vUzvv73vv73vv73vv73vv71XAi5Q77+9Be+/ve+/ve+/vQDvv73Vgl9Y77+977+9, Updated_current_encryption_keys_tag = Empty. Emails: }
{"logTime": "0417/121027", "correlationVector":"ght8PMTgI0Ip+X3eD3AOjg.5","action":"ProcessGetUpdates", "result":"Done", "context":{"dataType":"Encryption Keys", "deleted":"0", "process_failed_to_decrypt":"0", "process_pending_decryption":"0", "process_success":"1", "total":"1"}}
{"logTime": "0417/121027", "correlationVector":"ght8PMTgI0Ip+X3eD3AOjg","action":"Initial GetUpdates", "result":"", "context":Reason: NEW_CLIENT. cV=ght8PMTgI0Ip+X3eD3AOjg}
{"logTime": "0417/121027", "correlationVector":"ght8PMTgI0Ip+X3eD3AOjg.6","action":"GetUpdates Response", "result":"Success", "context":Received 1 update(s). cV=ght8PMTgI0Ip+X3eD3AOjg.0;server=akswtt00600006g;cloudType=Multitenant;environment=Prod_francecentral_prod-s01-062-eur-francecentral;migrationStage=NotStarted}
{"logTime": "0417/121027", "correlationVector":"6fu8+UnJfsf9Qr9DwWCvnh","action":"Initial GetUpdates", "result":"", "context":Reason: NEW_CLIENT. cV=6fu8+UnJfsf9Qr9DwWCvnh}
{"logTime": "0417/121027", "correlationVector":"6fu8+UnJfsf9Qr9DwWCvnh.1","action":"SyncServerConnectionManagerRequest", "result":"SYNC_SERVER_OK", "context":{"environment":"Prod_francecentral_prod-s01-062-eur-francecentral", "migrationStage":"NotStarted", "server":"akswtt00600006g"}}
{"logTime": "0417/121027", "correlationVector":"6fu8+UnJfsf9Qr9DwWCvnh.2","action":"ProcessGetUpdates", "result":"Done", "context":{"dataType":"Preferences", "deleted":"0", "process_failed_to_decrypt":"0", "process_pending_decryption":"0", "process_success":"47", "total":"47"}}
{"logTime": "0417/121027", "correlationVector":"6fu8+UnJfsf9Qr9DwWCvnh.3","action":"ProcessGetUpdates", "result":"Done", "context":{"dataType":"Device Info", "deleted":"0", "process_failed_to_decrypt":"0", "process_pending_decryption":"0", "process_success":"2", "total":"2"}}
{"logTime": "0417/121027", "correlationVector":"6fu8+UnJfsf9Qr9DwWCvnh.4","action":"GetUpdates Response", "result":"Success", "context":Received 49 update(s). cV=6fu8+UnJfsf9Qr9DwWCvnh.0;server=akswtt00600006g;cloudType=Multitenant;environment=Prod_francecentral_prod-s01-062-eur-francecentral;migrationStage=NotStarted}
{"logTime": "0417/121027", "correlationVector":"cfkvjPWLg/2igOE6PNzU7D","action":"Initial GetUpdates", "result":"", "context":Reason: NEW_CLIENT. cV=cfkvjPWLg/2igOE6PNzU7D}
{"logTime": "0417/121027", "correlationVector":"cfkvjPWLg/2igOE6PNzU7D.1","action":"SyncServerConnectionManagerRequest", "result":"SYNC_SERVER_OK", "context":{"environment":"Prod_francecentral_prod-s01-062-eur-francecentral", "migrationStage":"NotStarted", "server":"akswtt00600009k"}}
{"logTime": "0417/121027", "correlationVector":"cfkvjPWLg/2igOE6PNzU7D.2","action":"ProcessGetUpdates", "result":"Done", "context":{"dataType":"Bookmarks", "deleted":"0", "process_failed_to_decrypt":"0", "process_pending_decryption":"0", "process_success":"5", "total":"5"}}
{"logTime": "0417/121027", "correlationVector":"cfkvjPWLg/2igOE6PNzU7D.3","action":"GetUpdates Response", "result":"Success", "context":Received 5 update(s). cV=cfkvjPWLg/2igOE6PNzU7D.0;server=akswtt00600009k;cloudType=Multitenant;environment=Prod_francecentral_prod-s01-062-eur-francecentral;migrationStage=NotStarted}
{"logTime": "0417/121027", "correlationVector":"HtKVFS78csc4fjPuRISJ58","action":"Initial GetUpdates", "result":"", "context":Reason: NEW_CLIENT. cV=HtKVFS78csc4fjPuRISJ58}
{"logTime": "0417/121027", "correlationVector":"HtKVFS78csc4fjPuRISJ58.1","action":"SyncServerConnectionManagerRequest", "result":"SYNC_SERVER_OK", "context":{"environment":"Prod_francecentral_prod-s01-062-eur-francecentral", "migrationStage":"NotStarted", "server":"akswtt00600000j"}}
{"logTime": "0417/121027", "correlationVector":"HtKVFS78csc4fjPuRISJ58.2","action":"ProcessGetUpdates", "result":"Done", "context":{"dataType":"Autofill Profiles", "deleted":"0", "process_failed_to_decrypt":"0", "process_pending_decryption":"0", "process_success":"2", "total":"2"}}
{"logTime": "0417/121027", "correlationVector":"HtKVFS78csc4fjPuRISJ58.3","action":"ProcessGetUpdates", "result":"Done", "context":{"dataType":"Autofill", "deleted":"0", "process_failed_to_decrypt":"0", "process_pending_decryption":"0", "process_success":"7", "total":"7"}}
{"logTime": "0417/121027", "correlationVector":"HtKVFS78csc4fjPuRISJ58.4","action":"ProcessGetUpdates", "result":"Done", "context":{"dataType":"Sessions", "deleted":"0", "process_failed_to_decrypt":"0", "process_pending_decryption":"0", "process_success":"3", "total":"3"}}
{"logTime": "0417/121027", "correlationVector":"HtKVFS78csc4fjPuRISJ58.5","action":"GetUpdates Response", "result":"Success", "context":Received 12 update(s). cV=HtKVFS78csc4fjPuRISJ58.0;server=akswtt00600000j;cloudType=Multitenant;environment=Prod_francecentral_prod-s01-062-eur-francecentral;migrationStage=NotStarted}
{"logTime": "0417/121027", "correlationVector":"r3Sv2WWliE3wK5/X58G9MX","action":"Initial GetUpdates", "result":"", "context":Reason: NEW_CLIENT. cV=r3Sv2WWliE3wK5/X58G9MX}
{"logTime": "0417/121027", "correlationVector":"r3Sv2WWliE3wK5/X58G9MX.1","action":"SyncServerConnectionManagerRequest", "result":"SYNC_SERVER_OK", "context":{"environment":"Prod_francecentral_prod-s01-062-eur-francecentral", "migrationStage":"NotStarted", "server":"akswtt00600009d"}}
{"logTime": "0417/121027", "correlationVector":"r3Sv2WWliE3wK5/X58G9MX.2","action":"GetUpdates Response", "result":"Success", "context":Received 0 update(s). cV=r3Sv2WWliE3wK5/X58G9MX.0;server=akswtt00600009d;cloudType=Multitenant;environment=Prod_francecentral_prod-s01-062-eur-francecentral;migrationStage=NotStarted}
{"logTime": "0417/121027", "correlationVector":"+01L87pg2J/6BgvL7OQiwb","action":"Normal GetUpdate request", "result":"", "context":cV=+01L87pg2J/6BgvL7OQiwb
Nudged types: Preferences, Sessions, Device Info, User Consents
Refresh requested types: Bookmarks, Preferences, Passwords, Autofill Profiles, Autofill, Extensions, Sessions, Extension settings, History Delete Directives, Device Info, User Consents, Send Tab To Self, Web Apps, History, Saved Tab Group, Collection, Edge E Drop, Edge Hub App Usage, Edge Tab Group, Edge Wallet, Encryption Keys}
{"logTime": "0417/121027", "correlationVector":"+01L87pg2J/6BgvL7OQiwb.1","action":"SyncServerConnectionManagerRequest", "result":"SYNC_SERVER_OK", "context":{"environment":"Prod_francecentral_prod-s01-062-eur-francecentral", "migrationStage":"NotStarted", "server":"akswtt006000013"}}
{"logTime": "0417/121027", "correlationVector":"+01L87pg2J/6BgvL7OQiwb.2","action":"GetUpdates Response", "result":"Success", "context":Received 0 update(s). cV=+01L87pg2J/6BgvL7OQiwb.0;server=akswtt006000013;cloudType=Multitenant;environment=Prod_francecentral_prod-s01-062-eur-francecentral;migrationStage=NotStarted}
{"logTime": "0417/121027", "correlationVector":"buRFBQiK6isI7/N35L3nqw","action":"Commit Request", "result":"", "context":Item count: 5
Contributing types: Preferences, Sessions, Device Info, User Consents}
{"logTime": "0417/121028", "correlationVector":"buRFBQiK6isI7/N35L3nqw.1","action":"SyncServerConnectionManagerRequest", "result":"SYNC_SERVER_OK", "context":{"environment":"Prod_francecentral_prod-s01-062-eur-francecentral", "migrationStage":"NotStarted", "server":"akswtt00600005x"}}
{"logTime": "0417/121028", "correlationVector":"buRFBQiK6isI7/N35L3nqw.2","action":"Commit Response", "result":"Success", "context":Result: Success. cV=buRFBQiK6isI7/N35L3nqw.0;server=akswtt00600005x;cloudType=Multitenant;environment=Prod_francecentral_prod-s01-062-eur-francecentral;migrationStage=NotStarted}
{"logTime": "0417/121028", "correlationVector":"1MzA1Ll4aZT26aNR7jyC+k","action":"Commit Request", "result":"", "context":Item count: 2
Contributing types: Sessions, History}
{"logTime": "0417/121028", "correlationVector":"1MzA1Ll4aZT26aNR7jyC+k.1","action":"SyncServerConnectionManagerRequest", "result":"SYNC_SERVER_OK", "context":{"environment":"Prod_francecentral_prod-s01-062-eur-francecentral", "migrationStage":"NotStarted", "server":"akswtt00600008i"}}
{"logTime": "0417/121028", "correlationVector":"1MzA1Ll4aZT26aNR7jyC+k.2","action":"Commit Response", "result":"Success", "context":Result: Success. cV=1MzA1Ll4aZT26aNR7jyC+k.0;server=akswtt00600008i;cloudType=Multitenant;environment=Prod_francecentral_prod-s01-062-eur-francecentral;migrationStage=NotStarted}
{"logTime": "0417/121029", "correlationVector":"44w3POvZg31EnhbEiH1Lei","action":"Commit Request", "result":"", "context":Item count: 1
Contributing types: User Consents}
{"logTime": "0417/121029", "correlationVector":"44w3POvZg31EnhbEiH1Lei.1","action":"SyncServerConnectionManagerRequest", "result":"SYNC_SERVER_OK", "context":{"environment":"Prod_francecentral_prod-s01-062-eur-francecentral", "migrationStage":"NotStarted", "server":"akswtt00600000j"}}
{"logTime": "0417/121029", "correlationVector":"44w3POvZg31EnhbEiH1Lei.2","action":"Commit Response", "result":"Success", "context":Result: Success. cV=44w3POvZg31EnhbEiH1Lei.0;server=akswtt00600000j;cloudType=Multitenant;environment=Prod_francecentral_prod-s01-062-eur-francecentral;migrationStage=NotStarted}
